resolving dependencies...
looking for conflicting packages...

Packages (3) ttf-firacode-nerd-3.0.2-1  ttf-jetbrains-mono-nerd-3.0.2-1  ttf-roboto-mono-3.000-1

Total Download Size:     8.97 MiB
Total Installed Size:  222.73 MiB

:: Proceed with installation? [Y/n] 
:: Retrieving packages...
 ttf-jetbrains-mono-nerd-3.0.2-1-any downloading...
 ttf-firacode-nerd-3.0.2-1-any downloading...
 ttf-roboto-mono-3.000-1-any downloading...
checking keyring...
checking package integrity...
loading package files...
checking for file conflicts...
checking available disk space...
:: Processing package changes...
installing ttf-firacode-nerd...
installing ttf-jetbrains-mono-nerd...
installing ttf-roboto-mono...
:: Running post-transaction hooks...
(1/2) Arming ConditionNeedsUpdate...
(2/2) Updating fontconfig cache...
resolving dependencies...
looking for conflicting packages...

Packages (1) zsh-5.9-4

Total Download Size:   2.23 MiB
Total Installed Size:  6.62 MiB

:: Proceed with installation? [Y/n] 
:: Retrieving packages...
 zsh-5.9-4-x86_64 downloading...
checking keyring...
checking package integrity...
loading package files...
checking for file conflicts...
checking available disk space...
:: Processing package changes...
installing zsh...
:: Running post-transaction hooks...
(1/1) Arming ConditionNeedsUpdate...
warning: ttf-firacode-nerd-3.0.2-1 is up to date -- skipping
warning: ttf-jetbrains-mono-nerd-3.0.2-1 is up to date -- skipping
warning: ttf-roboto-mono-3.000-1 is up to date -- skipping
 there is nothing to do
warning: zsh-5.9-4 is up to date -- skipping
 there is nothing to do
warning: ttf-firacode-nerd-3.0.2-1 is up to date -- skipping
warning: ttf-jetbrains-mono-nerd-3.0.2-1 is up to date -- skipping
warning: ttf-roboto-mono-3.000-1 is up to date -- skipping
 there is nothing to do
warning: zsh-5.9-4 is up to date -- skipping
 there is nothing to do
warning: ttf-firacode-nerd-3.0.2-1 is up to date -- skipping
warning: ttf-jetbrains-mono-nerd-3.0.2-1 is up to date -- skipping
warning: ttf-roboto-mono-3.000-1 is up to date -- skipping
 there is nothing to do
warning: zsh-5.9-4 is up to date -- skipping
 there is nothing to do
resolving dependencies...
looking for conflicting packages...

Packages (3) ttf-firacode-nerd-3.0.2-1  ttf-jetbrains-mono-nerd-3.0.2-1  ttf-roboto-mono-3.000-2

Total Download Size:     8.97 MiB
Total Installed Size:  222.73 MiB

:: Proceed with installation? [Y/n] 
:: Retrieving packages...
 ttf-jetbrains-mono-nerd-3.0.2-1-any downloading...
 ttf-firacode-nerd-3.0.2-1-any downloading...
 ttf-roboto-mono-3.000-2-any downloading...
error: failed retrieving file 'ttf-jetbrains-mono-nerd-3.0.2-1-any.pkg.tar.zst' from mirrors.xjtu.edu.cn : SSL connection timeout
error: failed retrieving file 'ttf-jetbrains-mono-nerd-3.0.2-1-any.pkg.tar.zst' from mirrors.wsyu.edu.cn : SSL connection timeout
checking keyring...
checking package integrity...
loading package files...
checking for file conflicts...
checking available disk space...
:: Processing package changes...
installing ttf-firacode-nerd...
installing ttf-jetbrains-mono-nerd...
installing ttf-roboto-mono...
:: Running post-transaction hooks...
(1/3) Arming ConditionNeedsUpdate...
(2/3) Updating fontconfig cache...
(3/3) Updating X fontdir indices...
resolving dependencies...
looking for conflicting packages...

Packages (1) zsh-5.9-4

Total Download Size:   2.23 MiB
Total Installed Size:  6.62 MiB

:: Proceed with installation? [Y/n] 
:: Retrieving packages...
 zsh-5.9-4-x86_64 downloading...
error: failed retrieving file 'zsh-5.9-4-x86_64.pkg.tar.zst' from mirrors.xjtu.edu.cn : SSL connection timeout
checking keyring...
checking package integrity...
loading package files...
checking for file conflicts...
checking available disk space...
:: Processing package changes...
installing zsh...
:: Running post-transaction hooks...
(1/1) Arming ConditionNeedsUpdate...
warning: ttf-firacode-nerd-3.0.2-1 is up to date -- skipping
warning: ttf-jetbrains-mono-nerd-3.0.2-1 is up to date -- skipping
warning: ttf-roboto-mono-3.000-2 is up to date -- skipping
 there is nothing to do
warning: zsh-5.9-4 is up to date -- skipping
 there is nothing to do
warning: zsh-5.9-4 is up to date -- skipping
 there is nothing to do
